<<<<<<< HEAD
﻿  Score.cpp
  WinMain.cpp
  コードを生成中...
  NiceShip.vcxproj -> C:\Users\K018A1815\Desktop\プレイ会\NiceShip\x64\Debug\NiceShip.exe
=======
﻿  GamePlay.cpp
c:\users\k018a1697\desktop\gamejam12\kanseimazika\niceship\gameplay.cpp(74): warning C4244: '=': 'int' から 'float' への変換です。データが失われる可能性があります。
c:\users\k018a1697\desktop\gamejam12\kanseimazika\niceship\gameplay.cpp(84): warning C4244: '=': 'int' から 'float' への変換です。データが失われる可能性があります。
c:\users\k018a1697\desktop\gamejam12\kanseimazika\niceship\gameplay.cpp(94): warning C4244: '=': 'int' から 'float' への変換です。データが失われる可能性があります。
c:\users\k018a1697\desktop\gamejam12\kanseimazika\niceship\gameplay.cpp(105): warning C4244: '=': 'int' から 'float' への変換です。データが失われる可能性があります。
c:\users\k018a1697\desktop\gamejam12\kanseimazika\niceship\gameplay.cpp(116): warning C4244: '=': 'int' から 'float' への変換です。データが失われる可能性があります。
c:\users\k018a1697\desktop\gamejam12\kanseimazika\niceship\gameplay.cpp(127): warning C4244: '=': 'int' から 'float' への変換です。データが失われる可能性があります。
c:\users\k018a1697\desktop\gamejam12\kanseimazika\niceship\gameplay.cpp(138): warning C4244: '=': 'int' から 'float' への変換です。データが失われる可能性があります。
c:\users\k018a1697\desktop\gamejam12\kanseimazika\niceship\gameplay.cpp(154): warning C4244: '=': 'int' から 'float' への変換です。データが失われる可能性があります。
c:\users\k018a1697\desktop\gamejam12\kanseimazika\niceship\gameplay.cpp(164): warning C4244: '=': 'int' から 'float' への変換です。データが失われる可能性があります。
c:\users\k018a1697\desktop\gamejam12\kanseimazika\niceship\gameplay.cpp(174): warning C4244: '=': 'int' から 'float' への変換です。データが失われる可能性があります。
c:\users\k018a1697\desktop\gamejam12\kanseimazika\niceship\gameplay.cpp(185): warning C4244: '=': 'int' から 'float' への変換です。データが失われる可能性があります。
c:\users\k018a1697\desktop\gamejam12\kanseimazika\niceship\gameplay.cpp(196): warning C4244: '=': 'int' から 'float' への変換です。データが失われる可能性があります。
c:\users\k018a1697\desktop\gamejam12\kanseimazika\niceship\gameplay.cpp(207): warning C4244: '=': 'int' から 'float' への変換です。データが失われる可能性があります。
c:\users\k018a1697\desktop\gamejam12\kanseimazika\niceship\gameplay.cpp(218): warning C4244: '=': 'int' から 'float' への変換です。データが失われる可能性があります。
c:\users\k018a1697\desktop\gamejam12\kanseimazika\niceship\gameplay.cpp(234): warning C4244: '=': 'int' から 'float' への変換です。データが失われる可能性があります。
c:\users\k018a1697\desktop\gamejam12\kanseimazika\niceship\gameplay.cpp(244): warning C4244: '=': 'int' から 'float' への変換です。データが失われる可能性があります。
c:\users\k018a1697\desktop\gamejam12\kanseimazika\niceship\gameplay.cpp(255): warning C4244: '=': 'int' から 'float' への変換です。データが失われる可能性があります。
c:\users\k018a1697\desktop\gamejam12\kanseimazika\niceship\gameplay.cpp(266): warning C4244: '=': 'int' から 'float' への変換です。データが失われる可能性があります。
c:\users\k018a1697\desktop\gamejam12\kanseimazika\niceship\gameplay.cpp(276): warning C4244: '=': 'int' から 'float' への変換です。データが失われる可能性があります。
c:\users\k018a1697\desktop\gamejam12\kanseimazika\niceship\gameplay.cpp(286): warning C4244: '=': 'int' から 'float' への変換です。データが失われる可能性があります。
c:\users\k018a1697\desktop\gamejam12\kanseimazika\niceship\gameplay.cpp(296): warning C4244: '=': 'int' から 'float' への変換です。データが失われる可能性があります。
c:\users\k018a1697\desktop\gamejam12\kanseimazika\niceship\gameplay.cpp(311): warning C4244: '=': 'int' から 'float' への変換です。データが失われる可能性があります。
c:\users\k018a1697\desktop\gamejam12\kanseimazika\niceship\gameplay.cpp(321): warning C4244: '=': 'int' から 'float' への変換です。データが失われる可能性があります。
c:\users\k018a1697\desktop\gamejam12\kanseimazika\niceship\gameplay.cpp(331): warning C4244: '=': 'int' から 'float' への変換です。データが失われる可能性があります。
c:\users\k018a1697\desktop\gamejam12\kanseimazika\niceship\gameplay.cpp(341): warning C4244: '=': 'int' から 'float' への変換です。データが失われる可能性があります。
c:\users\k018a1697\desktop\gamejam12\kanseimazika\niceship\gameplay.cpp(351): warning C4244: '=': 'int' から 'float' への変換です。データが失われる可能性があります。
c:\users\k018a1697\desktop\gamejam12\kanseimazika\niceship\gameplay.cpp(361): warning C4244: '=': 'int' から 'float' への変換です。データが失われる可能性があります。
c:\users\k018a1697\desktop\gamejam12\kanseimazika\niceship\gameplay.cpp(371): warning C4244: '=': 'int' から 'float' への変換です。データが失われる可能性があります。
c:\users\k018a1697\desktop\gamejam12\kanseimazika\niceship\gameplay.cpp(386): warning C4244: '=': 'int' から 'float' への変換です。データが失われる可能性があります。
c:\users\k018a1697\desktop\gamejam12\kanseimazika\niceship\gameplay.cpp(396): warning C4244: '=': 'int' から 'float' への変換です。データが失われる可能性があります。
c:\users\k018a1697\desktop\gamejam12\kanseimazika\niceship\gameplay.cpp(406): warning C4244: '=': 'int' から 'float' への変換です。データが失われる可能性があります。
c:\users\k018a1697\desktop\gamejam12\kanseimazika\niceship\gameplay.cpp(416): warning C4244: '=': 'int' から 'float' への変換です。データが失われる可能性があります。
c:\users\k018a1697\desktop\gamejam12\kanseimazika\niceship\gameplay.cpp(426): warning C4244: '=': 'int' から 'float' への変換です。データが失われる可能性があります。
c:\users\k018a1697\desktop\gamejam12\kanseimazika\niceship\gameplay.cpp(436): warning C4244: '=': 'int' から 'float' への変換です。データが失われる可能性があります。
c:\users\k018a1697\desktop\gamejam12\kanseimazika\niceship\gameplay.cpp(446): warning C4244: '=': 'int' から 'float' への変換です。データが失われる可能性があります。
c:\users\k018a1697\desktop\gamejam12\kanseimazika\niceship\gameplay.cpp(461): warning C4244: '=': 'int' から 'float' への変換です。データが失われる可能性があります。
c:\users\k018a1697\desktop\gamejam12\kanseimazika\niceship\gameplay.cpp(471): warning C4244: '=': 'int' から 'float' への変換です。データが失われる可能性があります。
c:\users\k018a1697\desktop\gamejam12\kanseimazika\niceship\gameplay.cpp(481): warning C4244: '=': 'int' から 'float' への変換です。データが失われる可能性があります。
c:\users\k018a1697\desktop\gamejam12\kanseimazika\niceship\gameplay.cpp(491): warning C4244: '=': 'int' から 'float' への変換です。データが失われる可能性があります。
c:\users\k018a1697\desktop\gamejam12\kanseimazika\niceship\gameplay.cpp(501): warning C4244: '=': 'int' から 'float' への変換です。データが失われる可能性があります。
c:\users\k018a1697\desktop\gamejam12\kanseimazika\niceship\gameplay.cpp(511): warning C4244: '=': 'int' から 'float' への変換です。データが失われる可能性があります。
c:\users\k018a1697\desktop\gamejam12\kanseimazika\niceship\gameplay.cpp(521): warning C4244: '=': 'int' から 'float' への変換です。データが失われる可能性があります。
c:\users\k018a1697\desktop\gamejam12\kanseimazika\niceship\gameplay.cpp(536): warning C4244: '=': 'int' から 'float' への変換です。データが失われる可能性があります。
c:\users\k018a1697\desktop\gamejam12\kanseimazika\niceship\gameplay.cpp(546): warning C4244: '=': 'int' から 'float' への変換です。データが失われる可能性があります。
c:\users\k018a1697\desktop\gamejam12\kanseimazika\niceship\gameplay.cpp(556): warning C4244: '=': 'int' から 'float' への変換です。データが失われる可能性があります。
c:\users\k018a1697\desktop\gamejam12\kanseimazika\niceship\gameplay.cpp(566): warning C4244: '=': 'int' から 'float' への変換です。データが失われる可能性があります。
c:\users\k018a1697\desktop\gamejam12\kanseimazika\niceship\gameplay.cpp(576): warning C4244: '=': 'int' から 'float' への変換です。データが失われる可能性があります。
c:\users\k018a1697\desktop\gamejam12\kanseimazika\niceship\gameplay.cpp(586): warning C4244: '=': 'int' から 'float' への変換です。データが失われる可能性があります。
c:\users\k018a1697\desktop\gamejam12\kanseimazika\niceship\gameplay.cpp(596): warning C4244: '=': 'int' から 'float' への変換です。データが失われる可能性があります。
  Score.cpp
  コードを生成中...
  NiceShip.vcxproj -> C:\Users\K018A1697\Desktop\gamejam12\kanseimazika\NiceShip\x64\Debug\NiceShip.exe
>>>>>>> f9ce48bf8f69280b3128db214a8a4a2c77101bc0
